<?xml version="1.0" encoding="UTF-8"?>
<testsuite name="Solver.AStarStateTest" tests="6" skipped="0" failures="0" errors="0" timestamp="2020-03-20T19:57:30" hostname="Sami-PC" time="0.002">
  <properties/>
  <testcase name="getCurrPos" classname="Solver.AStarStateTest" time="0.001"/>
  <testcase name="hvalue" classname="Solver.AStarStateTest" time="0.0"/>
  <testcase name="makeMove" classname="Solver.AStarStateTest" time="0.0"/>
  <testcase name="getGValue" classname="Solver.AStarStateTest" time="0.0"/>
  <testcase name="getParent" classname="Solver.AStarStateTest" time="0.0"/>
  <testcase name="testEquals" classname="Solver.AStarStateTest" time="0.0"/>
  <system-out><![CDATA[]]></system-out>
  <system-err><![CDATA[]]></system-err>
</testsuite>
