<?xml version="1.0" encoding="UTF-8"?>
<testsuite name="Solver.SolverTest" tests="11" skipped="0" failures="0" errors="0" timestamp="2020-04-03T13:08:20" hostname="Sami-PC" time="0.002">
  <properties/>
  <testcase name="getSolvedAsString" classname="Solver.SolverTest" time="0.0"/>
  <testcase name="checkUpWorksWhenLegal" classname="Solver.SolverTest" time="0.0"/>
  <testcase name="checkRightDoesntWorkWhenIllegal" classname="Solver.SolverTest" time="0.0"/>
  <testcase name="checkUpDoesntWorkWhenIllegal" classname="Solver.SolverTest" time="0.0"/>
  <testcase name="solveWorks" classname="Solver.SolverTest" time="0.0"/>
  <testcase name="checkLeftDoesntWorkWhenIllegal" classname="Solver.SolverTest" time="0.0"/>
  <testcase name="solve" classname="Solver.SolverTest" time="0.0"/>
  <testcase name="checkDownWorksWhenLegal" classname="Solver.SolverTest" time="0.0"/>
  <testcase name="checkLeftWorksWhenLegal" classname="Solver.SolverTest" time="0.0"/>
  <testcase name="checkRightWorksWhenLegal" classname="Solver.SolverTest" time="0.0"/>
  <testcase name="checkDownDoesntWorkWhenIllegal" classname="Solver.SolverTest" time="0.0"/>
  <system-out><![CDATA[]]></system-out>
  <system-err><![CDATA[]]></system-err>
</testsuite>
